<?xml version="1.0" encoding="UTF-8"?>
<!-- Generated by org.testng.reporters.JUnitXMLReporter -->
<testsuite hostname="DESKTOP-KI73JF1" ignored="0" name=" Test case TC 013" tests="1" failures="1" timestamp="19 Apr 2018 17:25:16 GMT" time="44.478" errors="0">
  <testcase name="TC_013Test" time="43.289" classname="com.eHo.testcases.eHO_TC_013">
    <failure type="java.lang.AssertionError" message="The following asserts failed:
	expected [false] but found [true]">
      <![CDATA[java.lang.AssertionError: The following asserts failed:
	expected [false] but found [true]
	at com.eHo.testcases.eHO_TC_013.TC_013Test(eHO_TC_013.java:97)
... Removed 26 stack frames]]>
    </failure>
  </testcase> <!-- TC_013Test -->
</testsuite> <!--  Test case TC 013 -->
