<?xml version="1.0" encoding="UTF-8"?>
<!-- Generated by org.testng.reporters.JUnitXMLReporter -->
<testsuite hostname="DESKTOP-KI73JF1" ignored="0" name=" Test case TC 007" tests="1" failures="1" timestamp="10 Apr 2018 15:45:02 GMT" time="41.846" errors="0">
  <testcase name="TC_007Test" time="41.005" classname="com.eHo.testcases.eHO_TC_007">
    <failure type="java.lang.AssertionError" message="The following asserts failed:
	expected [false] but found [true]">
      <![CDATA[java.lang.AssertionError: The following asserts failed:
	expected [false] but found [true]
	at com.eHo.testcases.eHO_TC_007.TC_007Test(eHO_TC_007.java:95)
... Removed 26 stack frames]]>
    </failure>
  </testcase> <!-- TC_007Test -->
</testsuite> <!--  Test case TC 007 -->
