<?xml version="1.0" encoding="UTF-8"?>
<!-- Generated by org.testng.reporters.JUnitXMLReporter -->
<testsuite hostname="DESKTOP-KI73JF1" ignored="0" name=" Test case TC 008" tests="1" failures="1" timestamp="10 Apr 2018 15:45:42 GMT" time="40.211" errors="0">
  <testcase name="TC_008Test" time="39.224" classname="com.eHo.testcases.eHO_TC_008">
    <failure type="java.lang.AssertionError" message="The following asserts failed:
	expected [false] but found [true]">
      <![CDATA[java.lang.AssertionError: The following asserts failed:
	expected [false] but found [true]
	at com.eHo.testcases.eHO_TC_008.TC_008Test(eHO_TC_008.java:95)
... Removed 26 stack frames]]>
    </failure>
  </testcase> <!-- TC_008Test -->
</testsuite> <!--  Test case TC 008 -->
