<?xml version="1.0" encoding="UTF-8"?>
<!-- Generated by org.testng.reporters.JUnitXMLReporter -->
<testsuite hostname="DESKTOP-KI73JF1" ignored="0" name=" Test case TC 28" tests="1" failures="1" timestamp="24 Apr 2018 20:59:11 GMT" time="45.62" errors="0">
  <testcase name="TC_028Test" time="44.487" classname="com.eHo.testcases.eHO_TC_028">
    <failure type="java.lang.AssertionError" message="The following asserts failed:
	expected [false] but found [true]">
      <![CDATA[java.lang.AssertionError: The following asserts failed:
	expected [false] but found [true]
	at com.eHo.testcases.eHO_TC_028.TC_028Test(eHO_TC_028.java:126)
... Removed 26 stack frames]]>
    </failure>
  </testcase> <!-- TC_028Test -->
</testsuite> <!--  Test case TC 28 -->
