<?xml version="1.0" encoding="UTF-8"?>
<!-- Generated by org.testng.reporters.JUnitXMLReporter -->
<testsuite hostname="DESKTOP-KI73JF1" ignored="0" name=" Test case TC 005" tests="1" failures="1" timestamp="19 Apr 2018 17:24:31 GMT" time="42.957" errors="0">
  <testcase name="TC_005Test" time="41.57" classname="com.eHo.testcases.eHO_TC_005">
    <failure type="java.lang.AssertionError" message="The following asserts failed:
	expected [false] but found [true]">
      <![CDATA[java.lang.AssertionError: The following asserts failed:
	expected [false] but found [true]
	at com.eHo.testcases.eHO_TC_005.TC_005Test(eHO_TC_005.java:98)
... Removed 26 stack frames]]>
    </failure>
  </testcase> <!-- TC_005Test -->
</testsuite> <!--  Test case TC 005 -->
