<?xml version="1.0" encoding="UTF-8"?>
<!-- Generated by org.testng.reporters.JUnitXMLReporter -->
<testsuite hostname="DESKTOP-KI73JF1" ignored="0" name=" Test case TC 27" tests="1" failures="1" timestamp="24 Apr 2018 20:58:25 GMT" time="28.633" errors="0">
  <testcase name="TC_027Test" time="27.478" classname="com.eHo.testcases.eHO_TC_027">
    <failure type="java.lang.AssertionError" message="The following asserts failed:
	expected [false] but found [true]">
      <![CDATA[java.lang.AssertionError: The following asserts failed:
	expected [false] but found [true]
	at com.eHo.testcases.eHO_TC_027.TC_027Test(eHO_TC_027.java:60)
... Removed 26 stack frames]]>
    </failure>
  </testcase> <!-- TC_027Test -->
</testsuite> <!--  Test case TC 27 -->
