<?xml version="1.0" encoding="UTF-8"?>
<!-- Generated by org.testng.reporters.JUnitXMLReporter -->
<testsuite hostname="DESKTOP-KI73JF1" ignored="0" name=" Test case TC 026" tests="1" failures="1" timestamp="03 May 2018 16:49:48 GMT" time="34.866" errors="0">
  <testcase name="TC_026Test" time="33.502" classname="com.eHo.testcases.eHO_TC_026">
    <failure type="java.lang.AssertionError" message="The following asserts failed:
	expected [false] but found [true]">
      <![CDATA[java.lang.AssertionError: The following asserts failed:
	expected [false] but found [true]
	at com.eHo.testcases.eHO_TC_026.TC_026Test(eHO_TC_026.java:91)
... Removed 29 stack frames]]>
    </failure>
  </testcase> <!-- TC_026Test -->
</testsuite> <!--  Test case TC 026 -->
