<?xml version="1.0" encoding="UTF-8"?>
<!-- Generated by org.testng.reporters.JUnitXMLReporter -->
<testsuite hostname="DESKTOP-KI73JF1" ignored="0" name=" Test case TC 019" tests="1" failures="1" timestamp="03 May 2018 16:46:45 GMT" time="26.824" errors="0">
  <testcase name="TC_019Test" time="25.464" classname="com.eHo.testcases.eHO_TC_019">
    <failure type="java.lang.AssertionError" message="The following asserts failed:
	expected [false] but found [true]">
      <![CDATA[java.lang.AssertionError: The following asserts failed:
	expected [false] but found [true]
	at com.eHo.testcases.eHO_TC_019.TC_019Test(eHO_TC_019.java:100)
... Removed 29 stack frames]]>
    </failure>
  </testcase> <!-- TC_019Test -->
</testsuite> <!--  Test case TC 019 -->
