<?xml version="1.0" encoding="UTF-8"?>
<!-- Generated by org.testng.reporters.JUnitXMLReporter -->
<testsuite hostname="DESKTOP-KI73JF1" ignored="0" name=" Test case TC 023" tests="1" failures="1" timestamp="03 May 2018 16:48:26 GMT" time="14.457" errors="0">
  <testcase name="TC_023Test" time="13.389" classname="com.eHo.testcases.eHO_TC_023">
    <failure type="java.lang.AssertionError" message="The following asserts failed:
	expected [false] but found [true]">
      <![CDATA[java.lang.AssertionError: The following asserts failed:
	expected [false] but found [true]
	at com.eHo.testcases.eHO_TC_023.TC_023Test(eHO_TC_023.java:137)
... Removed 29 stack frames]]>
    </failure>
  </testcase> <!-- TC_023Test -->
</testsuite> <!--  Test case TC 023 -->
