<?xml version="1.0" encoding="UTF-8"?>
<!-- Generated by org.testng.reporters.JUnitXMLReporter -->
<testsuite hostname="DESKTOP-KI73JF1" ignored="0" name=" Test case TC 002" tests="1" failures="1" timestamp="03 May 2018 14:10:39 GMT" time="19.293" errors="0">
  <testcase name="TC_002Test" time="16.993" classname="com.eHo.testcases.eHO_TC_002">
    <failure type="java.lang.AssertionError" message="The following asserts failed:
	expected [false] but found [true]">
      <![CDATA[java.lang.AssertionError: The following asserts failed:
	expected [false] but found [true]
	at com.eHo.testcases.eHO_TC_002.TC_002Test(eHO_TC_002.java:91)
... Removed 29 stack frames]]>
    </failure>
  </testcase> <!-- TC_002Test -->
</testsuite> <!--  Test case TC 002 -->
