<?xml version="1.0" encoding="UTF-8"?>
<!-- Generated by org.testng.reporters.JUnitXMLReporter -->
<testsuite hostname="DESKTOP-KI73JF1" ignored="0" name=" Test case TC 028" tests="1" failures="1" timestamp="03 May 2018 14:17:53 GMT" time="30.447" errors="0">
  <testcase name="TC_028Test" time="29.454" classname="com.eHo.testcases.eHO_TC_028">
    <failure type="java.lang.AssertionError" message="The following asserts failed:
	expected [false] but found [true]">
      <![CDATA[java.lang.AssertionError: The following asserts failed:
	expected [false] but found [true]
	at com.eHo.testcases.eHO_TC_028.TC_028Test(eHO_TC_028.java:147)
... Removed 29 stack frames]]>
    </failure>
  </testcase> <!-- TC_028Test -->
</testsuite> <!--  Test case TC 028 -->
