<?xml version="1.0" encoding="UTF-8"?>
<!-- Generated by org.testng.reporters.JUnitXMLReporter -->
<testsuite hostname="DESKTOP-KI73JF1" ignored="0" name=" Test case TC 018" tests="1" failures="1" timestamp="03 May 2018 14:13:05 GMT" time="25.811" errors="0">
  <testcase name="TC_018Test" time="24.803" classname="com.eHo.testcases.eHO_TC_018">
    <failure type="java.lang.AssertionError" message="The following asserts failed:
	expected [false] but found [true]">
      <![CDATA[java.lang.AssertionError: The following asserts failed:
	expected [false] but found [true]
	at com.eHo.testcases.eHO_TC_018.TC_018Test(eHO_TC_018.java:105)
... Removed 29 stack frames]]>
    </failure>
  </testcase> <!-- TC_018Test -->
</testsuite> <!--  Test case TC 018 -->
