<?xml version="1.0" encoding="UTF-8"?>
<!-- Generated by org.testng.reporters.JUnitXMLReporter -->
<testsuite hostname="DESKTOP-KI73JF1" ignored="0" name=" Test case TC 015" tests="1" failures="1" timestamp="03 May 2018 14:12:09 GMT" time="14.426" errors="0">
  <testcase name="TC_015Test" time="13.038" classname="com.eHo.testcases.eHO_TC_015">
    <failure type="java.lang.AssertionError" message="The following asserts failed:
	expected [false] but found [true]">
      <![CDATA[java.lang.AssertionError: The following asserts failed:
	expected [false] but found [true]
	at com.eHo.testcases.eHO_TC_015.TC_015Test(eHO_TC_015.java:82)
... Removed 29 stack frames]]>
    </failure>
  </testcase> <!-- TC_015Test -->
</testsuite> <!--  Test case TC 015 -->
