<?xml version="1.0" encoding="UTF-8"?>
<testng-results skipped="0" failed="3" ignored="0" total="17" passed="14">
  <reporter-output>
  </reporter-output>
  <suite name="eHo Version 5.5" duration-ms="515989" started-at="2018-05-03T16:42:42Z" finished-at="2018-05-03T16:51:18Z">
    <groups>
    </groups>
    <test name=" Test case TC 002" duration-ms="37819" started-at="2018-05-03T16:42:42Z" finished-at="2018-05-03T16:43:20Z">
      <class name="com.eHo.testcases.eHO_TC_002">
        <test-method status="PASS" signature="setUp()[pri:0, instance:com.eHo.testcases.eHO_TC_002@21213b92]" name="setUp" is-config="true" duration-ms="113" started-at="2018-05-03T12:42:42Z" finished-at="2018-05-03T12:42:42Z">
          <reporter-output>
          </reporter-output>
        </test-method> <!-- setUp -->
        <test-method status="PASS" signature="TC_002Test()[pri:0, instance:com.eHo.testcases.eHO_TC_002@21213b92]" name="TC_002Test" duration-ms="36274" started-at="2018-05-03T12:42:42Z" finished-at="2018-05-03T12:43:18Z">
          <reporter-output>
          </reporter-output>
        </test-method> <!-- TC_002Test -->
        <test-method status="PASS" signature="tearDown(org.testng.ITestResult)[pri:0, instance:com.eHo.testcases.eHO_TC_002@21213b92]" name="tearDown" is-config="true" duration-ms="1391" started-at="2018-05-03T12:43:18Z" finished-at="2018-05-03T12:43:20Z">
          <params>
            <param index="0">
              <value>
                <![CDATA[[TestResult name=TC_002Test status=SUCCESS method=eHO_TC_002.TC_002Test()[pri:0, instance:com.eHo.testcases.eHO_TC_002@21213b92] output={null}]]]>
              </value>
            </param>
          </params>
          <reporter-output>
          </reporter-output>
        </test-method> <!-- tearDown -->
      </class> <!-- com.eHo.testcases.eHO_TC_002 -->
    </test> <!--  Test case TC 002 -->
    <test name=" Test case TC 005" duration-ms="36382" started-at="2018-05-03T16:43:20Z" finished-at="2018-05-03T16:43:56Z">
      <class name="com.eHo.testcases.eHO_TC_005">
        <test-method status="PASS" signature="setUp()[pri:0, instance:com.eHo.testcases.eHO_TC_005@5f9d02cb]" name="setUp" is-config="true" duration-ms="53" started-at="2018-05-03T12:43:20Z" finished-at="2018-05-03T12:43:20Z">
          <reporter-output>
          </reporter-output>
        </test-method> <!-- setUp -->
        <test-method status="PASS" signature="TC_005Test()[pri:0, instance:com.eHo.testcases.eHO_TC_005@5f9d02cb]" name="TC_005Test" duration-ms="35474" started-at="2018-05-03T12:43:20Z" finished-at="2018-05-03T12:43:56Z">
          <reporter-output>
          </reporter-output>
        </test-method> <!-- TC_005Test -->
        <test-method status="PASS" signature="tearDown(org.testng.ITestResult)[pri:0, instance:com.eHo.testcases.eHO_TC_005@5f9d02cb]" name="tearDown" is-config="true" duration-ms="852" started-at="2018-05-03T12:43:56Z" finished-at="2018-05-03T12:43:56Z">
          <params>
            <param index="0">
              <value>
                <![CDATA[[TestResult name=TC_005Test status=SUCCESS method=eHO_TC_005.TC_005Test()[pri:0, instance:com.eHo.testcases.eHO_TC_005@5f9d02cb] output={null}]]]>
              </value>
            </param>
          </params>
          <reporter-output>
          </reporter-output>
        </test-method> <!-- tearDown -->
      </class> <!-- com.eHo.testcases.eHO_TC_005 -->
    </test> <!--  Test case TC 005 -->
    <test name=" Test case TC 013" duration-ms="36343" started-at="2018-05-03T16:43:56Z" finished-at="2018-05-03T16:44:33Z">
      <class name="com.eHo.testcases.eHO_TC_013">
        <test-method status="PASS" signature="setUp()[pri:0, instance:com.eHo.testcases.eHO_TC_013@6c3708b3]" name="setUp" is-config="true" duration-ms="50" started-at="2018-05-03T12:43:56Z" finished-at="2018-05-03T12:43:56Z">
          <reporter-output>
          </reporter-output>
        </test-method> <!-- setUp -->
        <test-method status="PASS" signature="TC_013Test()[pri:0, instance:com.eHo.testcases.eHO_TC_013@6c3708b3]" name="TC_013Test" duration-ms="35528" started-at="2018-05-03T12:43:56Z" finished-at="2018-05-03T12:44:32Z">
          <reporter-output>
          </reporter-output>
        </test-method> <!-- TC_013Test -->
        <test-method status="PASS" signature="tearDown(org.testng.ITestResult)[pri:0, instance:com.eHo.testcases.eHO_TC_013@6c3708b3]" name="tearDown" is-config="true" duration-ms="763" started-at="2018-05-03T12:44:32Z" finished-at="2018-05-03T12:44:33Z">
          <params>
            <param index="0">
              <value>
                <![CDATA[[TestResult name=TC_013Test status=SUCCESS method=eHO_TC_013.TC_013Test()[pri:0, instance:com.eHo.testcases.eHO_TC_013@6c3708b3] output={null}]]]>
              </value>
            </param>
          </params>
          <reporter-output>
          </reporter-output>
        </test-method> <!-- tearDown -->
      </class> <!-- com.eHo.testcases.eHO_TC_013 -->
    </test> <!--  Test case TC 013 -->
    <test name=" Test case TC 015" duration-ms="40789" started-at="2018-05-03T16:44:33Z" finished-at="2018-05-03T16:45:14Z">
      <class name="com.eHo.testcases.eHO_TC_015">
        <test-method status="PASS" signature="setUp()[pri:0, instance:com.eHo.testcases.eHO_TC_015@2b2948e2]" name="setUp" is-config="true" duration-ms="53" started-at="2018-05-03T12:44:33Z" finished-at="2018-05-03T12:44:33Z">
          <reporter-output>
          </reporter-output>
        </test-method> <!-- setUp -->
        <test-method status="PASS" signature="TC_015Test()[pri:0, instance:com.eHo.testcases.eHO_TC_015@2b2948e2]" name="TC_015Test" duration-ms="40049" started-at="2018-05-03T12:44:33Z" finished-at="2018-05-03T12:45:13Z">
          <reporter-output>
          </reporter-output>
        </test-method> <!-- TC_015Test -->
        <test-method status="PASS" signature="tearDown(org.testng.ITestResult)[pri:0, instance:com.eHo.testcases.eHO_TC_015@2b2948e2]" name="tearDown" is-config="true" duration-ms="686" started-at="2018-05-03T12:45:13Z" finished-at="2018-05-03T12:45:14Z">
          <params>
            <param index="0">
              <value>
                <![CDATA[[TestResult name=TC_015Test status=SUCCESS method=eHO_TC_015.TC_015Test()[pri:0, instance:com.eHo.testcases.eHO_TC_015@2b2948e2] output={null}]]]>
              </value>
            </param>
          </params>
          <reporter-output>
          </reporter-output>
        </test-method> <!-- tearDown -->
      </class> <!-- com.eHo.testcases.eHO_TC_015 -->
    </test> <!--  Test case TC 015 -->
    <test name=" Test case TC 016" duration-ms="31750" started-at="2018-05-03T16:45:14Z" finished-at="2018-05-03T16:45:45Z">
      <class name="com.eHo.testcases.eHO_TC_016">
        <test-method status="PASS" signature="setUp()[pri:0, instance:com.eHo.testcases.eHO_TC_016@369f73a2]" name="setUp" is-config="true" duration-ms="57" started-at="2018-05-03T12:45:14Z" finished-at="2018-05-03T12:45:14Z">
          <reporter-output>
          </reporter-output>
        </test-method> <!-- setUp -->
        <test-method status="PASS" signature="TC_016Test()[pri:0, instance:com.eHo.testcases.eHO_TC_016@369f73a2]" name="TC_016Test" duration-ms="30828" started-at="2018-05-03T12:45:14Z" finished-at="2018-05-03T12:45:45Z">
          <reporter-output>
          </reporter-output>
        </test-method> <!-- TC_016Test -->
        <test-method status="PASS" signature="tearDown(org.testng.ITestResult)[pri:0, instance:com.eHo.testcases.eHO_TC_016@369f73a2]" name="tearDown" is-config="true" duration-ms="864" started-at="2018-05-03T12:45:45Z" finished-at="2018-05-03T12:45:45Z">
          <params>
            <param index="0">
              <value>
                <![CDATA[[TestResult name=TC_016Test status=SUCCESS method=eHO_TC_016.TC_016Test()[pri:0, instance:com.eHo.testcases.eHO_TC_016@369f73a2] output={null}]]]>
              </value>
            </param>
          </params>
          <reporter-output>
          </reporter-output>
        </test-method> <!-- tearDown -->
      </class> <!-- com.eHo.testcases.eHO_TC_016 -->
    </test> <!--  Test case TC 016 -->
    <test name=" Test case TC 018" duration-ms="33039" started-at="2018-05-03T16:45:45Z" finished-at="2018-05-03T16:46:18Z">
      <class name="com.eHo.testcases.eHO_TC_018">
        <test-method status="PASS" signature="setUp()[pri:0, instance:com.eHo.testcases.eHO_TC_018@67b92f0a]" name="setUp" is-config="true" duration-ms="54" started-at="2018-05-03T12:45:45Z" finished-at="2018-05-03T12:45:45Z">
          <reporter-output>
          </reporter-output>
        </test-method> <!-- setUp -->
        <test-method status="PASS" signature="TC_018Test()[pri:0, instance:com.eHo.testcases.eHO_TC_018@67b92f0a]" name="TC_018Test" duration-ms="32168" started-at="2018-05-03T12:45:45Z" finished-at="2018-05-03T12:46:18Z">
          <reporter-output>
          </reporter-output>
        </test-method> <!-- TC_018Test -->
        <test-method status="PASS" signature="tearDown(org.testng.ITestResult)[pri:0, instance:com.eHo.testcases.eHO_TC_018@67b92f0a]" name="tearDown" is-config="true" duration-ms="816" started-at="2018-05-03T12:46:18Z" finished-at="2018-05-03T12:46:18Z">
          <params>
            <param index="0">
              <value>
                <![CDATA[[TestResult name=TC_018Test status=SUCCESS method=eHO_TC_018.TC_018Test()[pri:0, instance:com.eHo.testcases.eHO_TC_018@67b92f0a] output={null}]]]>
              </value>
            </param>
          </params>
          <reporter-output>
          </reporter-output>
        </test-method> <!-- tearDown -->
      </class> <!-- com.eHo.testcases.eHO_TC_018 -->
    </test> <!--  Test case TC 018 -->
    <test name=" Test case TC 019" duration-ms="26824" started-at="2018-05-03T16:46:19Z" finished-at="2018-05-03T16:46:45Z">
      <class name="com.eHo.testcases.eHO_TC_019">
        <test-method status="PASS" signature="setUp()[pri:0, instance:com.eHo.testcases.eHO_TC_019@7fac631b]" name="setUp" is-config="true" duration-ms="55" started-at="2018-05-03T12:46:19Z" finished-at="2018-05-03T12:46:19Z">
          <reporter-output>
          </reporter-output>
        </test-method> <!-- setUp -->
        <test-method status="FAIL" signature="TC_019Test()[pri:0, instance:com.eHo.testcases.eHO_TC_019@7fac631b]" name="TC_019Test" duration-ms="25464" started-at="2018-05-03T12:46:19Z" finished-at="2018-05-03T12:46:44Z">
          <exception class="java.lang.AssertionError">
            <message>
              <![CDATA[The following asserts failed:
	expected [false] but found [true]]]>
            </message>
            <full-stacktrace>
              <![CDATA[java.lang.AssertionError: The following asserts failed:
	expected [false] but found [true]
	at org.testng.asserts.SoftAssert.assertAll(SoftAssert.java:43)
	at com.eHo.testcases.eHO_TC_019.TC_019Test(eHO_TC_019.java:100)
	at sun.reflect.NativeMethodAccessorImpl.invoke0(Native Method)
	at sun.reflect.NativeMethodAccessorImpl.invoke(NativeMethodAccessorImpl.java:62)
	at sun.reflect.DelegatingMethodAccessorImpl.invoke(DelegatingMethodAccessorImpl.java:43)
	at java.lang.reflect.Method.invoke(Method.java:498)
	at org.testng.internal.MethodInvocationHelper.invokeMethod(MethodInvocationHelper.java:104)
	at org.testng.internal.Invoker.invokeMethod(Invoker.java:645)
	at org.testng.internal.Invoker.invokeTestMethod(Invoker.java:851)
	at org.testng.internal.Invoker.invokeTestMethods(Invoker.java:1177)
	at org.testng.internal.TestMethodWorker.invokeTestMethods(TestMethodWorker.java:129)
	at org.testng.internal.TestMethodWorker.run(TestMethodWorker.java:112)
	at org.testng.TestRunner.privateRun(TestRunner.java:756)
	at org.testng.TestRunner.run(TestRunner.java:610)
	at org.testng.SuiteRunner.runTest(SuiteRunner.java:387)
	at org.testng.SuiteRunner.runSequentially(SuiteRunner.java:382)
	at org.testng.SuiteRunner.privateRun(SuiteRunner.java:340)
	at org.testng.SuiteRunner.run(SuiteRunner.java:289)
	at org.testng.SuiteRunnerWorker.runSuite(SuiteRunnerWorker.java:52)
	at org.testng.SuiteRunnerWorker.run(SuiteRunnerWorker.java:86)
	at org.testng.TestNG.runSuitesSequentially(TestNG.java:1293)
	at org.testng.TestNG.runSuitesLocally(TestNG.java:1218)
	at org.testng.TestNG.runSuites(TestNG.java:1133)
	at org.testng.TestNG.run(TestNG.java:1104)
	at org.apache.maven.surefire.testng.TestNGExecutor.run(TestNGExecutor.java:281)
	at org.apache.maven.surefire.testng.TestNGXmlTestSuite.execute(TestNGXmlTestSuite.java:75)
	at org.apache.maven.surefire.testng.TestNGProvider.invoke(TestNGProvider.java:121)
	at org.apache.maven.surefire.booter.ForkedBooter.invokeProviderInSameClassLoader(ForkedBooter.java:290)
	at org.apache.maven.surefire.booter.ForkedBooter.runSuitesInProcess(ForkedBooter.java:242)
	at org.apache.maven.surefire.booter.ForkedBooter.main(ForkedBooter.java:121)
]]>
            </full-stacktrace>
          </exception> <!-- java.lang.AssertionError -->
          <reporter-output>
          </reporter-output>
        </test-method> <!-- TC_019Test -->
        <test-method status="PASS" signature="tearDown(org.testng.ITestResult)[pri:0, instance:com.eHo.testcases.eHO_TC_019@7fac631b]" name="tearDown" is-config="true" duration-ms="1287" started-at="2018-05-03T12:46:44Z" finished-at="2018-05-03T12:46:45Z">
          <params>
            <param index="0">
              <value>
                <![CDATA[[TestResult name=TC_019Test status=FAILURE method=eHO_TC_019.TC_019Test()[pri:0, instance:com.eHo.testcases.eHO_TC_019@7fac631b] output={null}]]]>
              </value>
            </param>
          </params>
          <reporter-output>
          </reporter-output>
        </test-method> <!-- tearDown -->
      </class> <!-- com.eHo.testcases.eHO_TC_019 -->
    </test> <!--  Test case TC 019 -->
    <test name=" Test case TC 020" duration-ms="28669" started-at="2018-05-03T16:46:45Z" finished-at="2018-05-03T16:47:14Z">
      <class name="com.eHo.testcases.eHO_TC_020">
        <test-method status="PASS" signature="setUp()[pri:0, instance:com.eHo.testcases.eHO_TC_020@3701eaf6]" name="setUp" is-config="true" duration-ms="54" started-at="2018-05-03T12:46:45Z" finished-at="2018-05-03T12:46:45Z">
          <reporter-output>
          </reporter-output>
        </test-method> <!-- setUp -->
        <test-method status="PASS" signature="TC_020Test()[pri:0, instance:com.eHo.testcases.eHO_TC_020@3701eaf6]" name="TC_020Test" duration-ms="27721" started-at="2018-05-03T12:46:45Z" finished-at="2018-05-03T12:47:13Z">
          <reporter-output>
          </reporter-output>
        </test-method> <!-- TC_020Test -->
        <test-method status="PASS" signature="tearDown(org.testng.ITestResult)[pri:0, instance:com.eHo.testcases.eHO_TC_020@3701eaf6]" name="tearDown" is-config="true" duration-ms="894" started-at="2018-05-03T12:47:13Z" finished-at="2018-05-03T12:47:14Z">
          <params>
            <param index="0">
              <value>
                <![CDATA[[TestResult name=TC_020Test status=SUCCESS method=eHO_TC_020.TC_020Test()[pri:0, instance:com.eHo.testcases.eHO_TC_020@3701eaf6] output={null}]]]>
              </value>
            </param>
          </params>
          <reporter-output>
          </reporter-output>
        </test-method> <!-- tearDown -->
      </class> <!-- com.eHo.testcases.eHO_TC_020 -->
    </test> <!--  Test case TC 020 -->
    <test name=" Test case TC 021" duration-ms="30137" started-at="2018-05-03T16:47:14Z" finished-at="2018-05-03T16:47:44Z">
      <class name="com.eHo.testcases.eHO_TC_021">
        <test-method status="PASS" signature="setUp()[pri:0, instance:com.eHo.testcases.eHO_TC_021@35d176f7]" name="setUp" is-config="true" duration-ms="51" started-at="2018-05-03T12:47:14Z" finished-at="2018-05-03T12:47:14Z">
          <reporter-output>
          </reporter-output>
        </test-method> <!-- setUp -->
        <test-method status="PASS" signature="TC_021Test()[pri:0, instance:com.eHo.testcases.eHO_TC_021@35d176f7]" name="TC_021Test" duration-ms="29220" started-at="2018-05-03T12:47:14Z" finished-at="2018-05-03T12:47:43Z">
          <reporter-output>
          </reporter-output>
        </test-method> <!-- TC_021Test -->
        <test-method status="PASS" signature="tearDown(org.testng.ITestResult)[pri:0, instance:com.eHo.testcases.eHO_TC_021@35d176f7]" name="tearDown" is-config="true" duration-ms="864" started-at="2018-05-03T12:47:43Z" finished-at="2018-05-03T12:47:44Z">
          <params>
            <param index="0">
              <value>
                <![CDATA[[TestResult name=TC_021Test status=SUCCESS method=eHO_TC_021.TC_021Test()[pri:0, instance:com.eHo.testcases.eHO_TC_021@35d176f7] output={null}]]]>
              </value>
            </param>
          </params>
          <reporter-output>
          </reporter-output>
        </test-method> <!-- tearDown -->
      </class> <!-- com.eHo.testcases.eHO_TC_021 -->
    </test> <!--  Test case TC 021 -->
    <test name=" Test case TC 022" duration-ms="26710" started-at="2018-05-03T16:47:44Z" finished-at="2018-05-03T16:48:11Z">
      <class name="com.eHo.testcases.eHO_TC_022">
        <test-method status="PASS" signature="setUp()[pri:0, instance:com.eHo.testcases.eHO_TC_022@3d99d22e]" name="setUp" is-config="true" duration-ms="53" started-at="2018-05-03T12:47:44Z" finished-at="2018-05-03T12:47:44Z">
          <reporter-output>
          </reporter-output>
        </test-method> <!-- setUp -->
        <test-method status="PASS" signature="TC_022Test()[pri:0, instance:com.eHo.testcases.eHO_TC_022@3d99d22e]" name="TC_022Test" duration-ms="25794" started-at="2018-05-03T12:47:44Z" finished-at="2018-05-03T12:48:10Z">
          <reporter-output>
          </reporter-output>
        </test-method> <!-- TC_022Test -->
        <test-method status="PASS" signature="tearDown(org.testng.ITestResult)[pri:0, instance:com.eHo.testcases.eHO_TC_022@3d99d22e]" name="tearDown" is-config="true" duration-ms="860" started-at="2018-05-03T12:48:10Z" finished-at="2018-05-03T12:48:11Z">
          <params>
            <param index="0">
              <value>
                <![CDATA[[TestResult name=TC_022Test status=SUCCESS method=eHO_TC_022.TC_022Test()[pri:0, instance:com.eHo.testcases.eHO_TC_022@3d99d22e] output={null}]]]>
              </value>
            </param>
          </params>
          <reporter-output>
          </reporter-output>
        </test-method> <!-- tearDown -->
      </class> <!-- com.eHo.testcases.eHO_TC_022 -->
    </test> <!--  Test case TC 022 -->
    <test name=" Test case TC 023" duration-ms="14457" started-at="2018-05-03T16:48:11Z" finished-at="2018-05-03T16:48:26Z">
      <class name="com.eHo.testcases.eHO_TC_023">
        <test-method status="PASS" signature="setUp()[pri:0, instance:com.eHo.testcases.eHO_TC_023@22a67b4]" name="setUp" is-config="true" duration-ms="49" started-at="2018-05-03T12:48:11Z" finished-at="2018-05-03T12:48:11Z">
          <reporter-output>
          </reporter-output>
        </test-method> <!-- setUp -->
        <test-method status="FAIL" signature="TC_023Test()[pri:0, instance:com.eHo.testcases.eHO_TC_023@22a67b4]" name="TC_023Test" duration-ms="13389" started-at="2018-05-03T12:48:11Z" finished-at="2018-05-03T12:48:25Z">
          <exception class="java.lang.AssertionError">
            <message>
              <![CDATA[The following asserts failed:
	expected [false] but found [true]]]>
            </message>
            <full-stacktrace>
              <![CDATA[java.lang.AssertionError: The following asserts failed:
	expected [false] but found [true]
	at org.testng.asserts.SoftAssert.assertAll(SoftAssert.java:43)
	at com.eHo.testcases.eHO_TC_023.TC_023Test(eHO_TC_023.java:137)
	at sun.reflect.NativeMethodAccessorImpl.invoke0(Native Method)
	at sun.reflect.NativeMethodAccessorImpl.invoke(NativeMethodAccessorImpl.java:62)
	at sun.reflect.DelegatingMethodAccessorImpl.invoke(DelegatingMethodAccessorImpl.java:43)
	at java.lang.reflect.Method.invoke(Method.java:498)
	at org.testng.internal.MethodInvocationHelper.invokeMethod(MethodInvocationHelper.java:104)
	at org.testng.internal.Invoker.invokeMethod(Invoker.java:645)
	at org.testng.internal.Invoker.invokeTestMethod(Invoker.java:851)
	at org.testng.internal.Invoker.invokeTestMethods(Invoker.java:1177)
	at org.testng.internal.TestMethodWorker.invokeTestMethods(TestMethodWorker.java:129)
	at org.testng.internal.TestMethodWorker.run(TestMethodWorker.java:112)
	at org.testng.TestRunner.privateRun(TestRunner.java:756)
	at org.testng.TestRunner.run(TestRunner.java:610)
	at org.testng.SuiteRunner.runTest(SuiteRunner.java:387)
	at org.testng.SuiteRunner.runSequentially(SuiteRunner.java:382)
	at org.testng.SuiteRunner.privateRun(SuiteRunner.java:340)
	at org.testng.SuiteRunner.run(SuiteRunner.java:289)
	at org.testng.SuiteRunnerWorker.runSuite(SuiteRunnerWorker.java:52)
	at org.testng.SuiteRunnerWorker.run(SuiteRunnerWorker.java:86)
	at org.testng.TestNG.runSuitesSequentially(TestNG.java:1293)
	at org.testng.TestNG.runSuitesLocally(TestNG.java:1218)
	at org.testng.TestNG.runSuites(TestNG.java:1133)
	at org.testng.TestNG.run(TestNG.java:1104)
	at org.apache.maven.surefire.testng.TestNGExecutor.run(TestNGExecutor.java:281)
	at org.apache.maven.surefire.testng.TestNGXmlTestSuite.execute(TestNGXmlTestSuite.java:75)
	at org.apache.maven.surefire.testng.TestNGProvider.invoke(TestNGProvider.java:121)
	at org.apache.maven.surefire.booter.ForkedBooter.invokeProviderInSameClassLoader(ForkedBooter.java:290)
	at org.apache.maven.surefire.booter.ForkedBooter.runSuitesInProcess(ForkedBooter.java:242)
	at org.apache.maven.surefire.booter.ForkedBooter.main(ForkedBooter.java:121)
]]>
            </full-stacktrace>
          </exception> <!-- java.lang.AssertionError -->
          <reporter-output>
          </reporter-output>
        </test-method> <!-- TC_023Test -->
        <test-method status="PASS" signature="tearDown(org.testng.ITestResult)[pri:0, instance:com.eHo.testcases.eHO_TC_023@22a67b4]" name="tearDown" is-config="true" duration-ms="1017" started-at="2018-05-03T12:48:25Z" finished-at="2018-05-03T12:48:26Z">
          <params>
            <param index="0">
              <value>
                <![CDATA[[TestResult name=TC_023Test status=FAILURE method=eHO_TC_023.TC_023Test()[pri:0, instance:com.eHo.testcases.eHO_TC_023@22a67b4] output={null}]]]>
              </value>
            </param>
          </params>
          <reporter-output>
          </reporter-output>
        </test-method> <!-- tearDown -->
      </class> <!-- com.eHo.testcases.eHO_TC_023 -->
    </test> <!--  Test case TC 023 -->
    <test name=" Test case TC 024" duration-ms="27270" started-at="2018-05-03T16:48:26Z" finished-at="2018-05-03T16:48:53Z">
      <class name="com.eHo.testcases.eHO_TC_024">
        <test-method status="PASS" signature="setUp()[pri:0, instance:com.eHo.testcases.eHO_TC_024@7c29daf3]" name="setUp" is-config="true" duration-ms="57" started-at="2018-05-03T12:48:26Z" finished-at="2018-05-03T12:48:26Z">
          <reporter-output>
          </reporter-output>
        </test-method> <!-- setUp -->
        <test-method status="PASS" signature="TC_024Test()[pri:0, instance:com.eHo.testcases.eHO_TC_024@7c29daf3]" name="TC_024Test" duration-ms="26316" started-at="2018-05-03T12:48:26Z" finished-at="2018-05-03T12:48:52Z">
          <reporter-output>
          </reporter-output>
        </test-method> <!-- TC_024Test -->
        <test-method status="PASS" signature="tearDown(org.testng.ITestResult)[pri:0, instance:com.eHo.testcases.eHO_TC_024@7c29daf3]" name="tearDown" is-config="true" duration-ms="896" started-at="2018-05-03T12:48:52Z" finished-at="2018-05-03T12:48:53Z">
          <params>
            <param index="0">
              <value>
                <![CDATA[[TestResult name=TC_024Test status=SUCCESS method=eHO_TC_024.TC_024Test()[pri:0, instance:com.eHo.testcases.eHO_TC_024@7c29daf3] output={null}]]]>
              </value>
            </param>
          </params>
          <reporter-output>
          </reporter-output>
        </test-method> <!-- tearDown -->
      </class> <!-- com.eHo.testcases.eHO_TC_024 -->
    </test> <!--  Test case TC 024 -->
    <test name=" Test case TC 025" duration-ms="20174" started-at="2018-05-03T16:48:53Z" finished-at="2018-05-03T16:49:13Z">
      <class name="com.eHo.testcases.eHO_TC_025">
        <test-method status="PASS" signature="setUp()[pri:0, instance:com.eHo.testcases.eHO_TC_025@5d76b067]" name="setUp" is-config="true" duration-ms="49" started-at="2018-05-03T12:48:53Z" finished-at="2018-05-03T12:48:53Z">
          <reporter-output>
          </reporter-output>
        </test-method> <!-- setUp -->
        <test-method status="PASS" signature="TC_025Test()[pri:0, instance:com.eHo.testcases.eHO_TC_025@5d76b067]" name="TC_025Test" duration-ms="19335" started-at="2018-05-03T12:48:53Z" finished-at="2018-05-03T12:49:12Z">
          <reporter-output>
          </reporter-output>
        </test-method> <!-- TC_025Test -->
        <test-method status="PASS" signature="tearDown(org.testng.ITestResult)[pri:0, instance:com.eHo.testcases.eHO_TC_025@5d76b067]" name="tearDown" is-config="true" duration-ms="788" started-at="2018-05-03T12:49:12Z" finished-at="2018-05-03T12:49:13Z">
          <params>
            <param index="0">
              <value>
                <![CDATA[[TestResult name=TC_025Test status=SUCCESS method=eHO_TC_025.TC_025Test()[pri:0, instance:com.eHo.testcases.eHO_TC_025@5d76b067] output={null}]]]>
              </value>
            </param>
          </params>
          <reporter-output>
          </reporter-output>
        </test-method> <!-- tearDown -->
      </class> <!-- com.eHo.testcases.eHO_TC_025 -->
    </test> <!--  Test case TC 025 -->
    <test name=" Test case TC 026" duration-ms="34866" started-at="2018-05-03T16:49:13Z" finished-at="2018-05-03T16:49:48Z">
      <class name="com.eHo.testcases.eHO_TC_026">
        <test-method status="PASS" signature="setUp()[pri:0, instance:com.eHo.testcases.eHO_TC_026@694e1548]" name="setUp" is-config="true" duration-ms="50" started-at="2018-05-03T12:49:13Z" finished-at="2018-05-03T12:49:13Z">
          <reporter-output>
          </reporter-output>
        </test-method> <!-- setUp -->
        <test-method status="FAIL" signature="TC_026Test()[pri:0, instance:com.eHo.testcases.eHO_TC_026@694e1548]" name="TC_026Test" duration-ms="33502" started-at="2018-05-03T12:49:13Z" finished-at="2018-05-03T12:49:47Z">
          <exception class="java.lang.AssertionError">
            <message>
              <![CDATA[The following asserts failed:
	expected [false] but found [true]]]>
            </message>
            <full-stacktrace>
              <![CDATA[java.lang.AssertionError: The following asserts failed:
	expected [false] but found [true]
	at org.testng.asserts.SoftAssert.assertAll(SoftAssert.java:43)
	at com.eHo.testcases.eHO_TC_026.TC_026Test(eHO_TC_026.java:91)
	at sun.reflect.NativeMethodAccessorImpl.invoke0(Native Method)
	at sun.reflect.NativeMethodAccessorImpl.invoke(NativeMethodAccessorImpl.java:62)
	at sun.reflect.DelegatingMethodAccessorImpl.invoke(DelegatingMethodAccessorImpl.java:43)
	at java.lang.reflect.Method.invoke(Method.java:498)
	at org.testng.internal.MethodInvocationHelper.invokeMethod(MethodInvocationHelper.java:104)
	at org.testng.internal.Invoker.invokeMethod(Invoker.java:645)
	at org.testng.internal.Invoker.invokeTestMethod(Invoker.java:851)
	at org.testng.internal.Invoker.invokeTestMethods(Invoker.java:1177)
	at org.testng.internal.TestMethodWorker.invokeTestMethods(TestMethodWorker.java:129)
	at org.testng.internal.TestMethodWorker.run(TestMethodWorker.java:112)
	at org.testng.TestRunner.privateRun(TestRunner.java:756)
	at org.testng.TestRunner.run(TestRunner.java:610)
	at org.testng.SuiteRunner.runTest(SuiteRunner.java:387)
	at org.testng.SuiteRunner.runSequentially(SuiteRunner.java:382)
	at org.testng.SuiteRunner.privateRun(SuiteRunner.java:340)
	at org.testng.SuiteRunner.run(SuiteRunner.java:289)
	at org.testng.SuiteRunnerWorker.runSuite(SuiteRunnerWorker.java:52)
	at org.testng.SuiteRunnerWorker.run(SuiteRunnerWorker.java:86)
	at org.testng.TestNG.runSuitesSequentially(TestNG.java:1293)
	at org.testng.TestNG.runSuitesLocally(TestNG.java:1218)
	at org.testng.TestNG.runSuites(TestNG.java:1133)
	at org.testng.TestNG.run(TestNG.java:1104)
	at org.apache.maven.surefire.testng.TestNGExecutor.run(TestNGExecutor.java:281)
	at org.apache.maven.surefire.testng.TestNGXmlTestSuite.execute(TestNGXmlTestSuite.java:75)
	at org.apache.maven.surefire.testng.TestNGProvider.invoke(TestNGProvider.java:121)
	at org.apache.maven.surefire.booter.ForkedBooter.invokeProviderInSameClassLoader(ForkedBooter.java:290)
	at org.apache.maven.surefire.booter.ForkedBooter.runSuitesInProcess(ForkedBooter.java:242)
	at org.apache.maven.surefire.booter.ForkedBooter.main(ForkedBooter.java:121)
]]>
            </full-stacktrace>
          </exception> <!-- java.lang.AssertionError -->
          <reporter-output>
          </reporter-output>
        </test-method> <!-- TC_026Test -->
        <test-method status="PASS" signature="tearDown(org.testng.ITestResult)[pri:0, instance:com.eHo.testcases.eHO_TC_026@694e1548]" name="tearDown" is-config="true" duration-ms="1312" started-at="2018-05-03T12:49:47Z" finished-at="2018-05-03T12:49:48Z">
          <params>
            <param index="0">
              <value>
                <![CDATA[[TestResult name=TC_026Test status=FAILURE method=eHO_TC_026.TC_026Test()[pri:0, instance:com.eHo.testcases.eHO_TC_026@694e1548] output={null}]]]>
              </value>
            </param>
          </params>
          <reporter-output>
          </reporter-output>
        </test-method> <!-- tearDown -->
      </class> <!-- com.eHo.testcases.eHO_TC_026 -->
    </test> <!--  Test case TC 026 -->
    <test name=" Test case TC 027" duration-ms="19785" started-at="2018-05-03T16:49:48Z" finished-at="2018-05-03T16:50:08Z">
      <class name="com.eHo.testcases.eHO_TC_027">
        <test-method status="PASS" signature="setUp()[pri:0, instance:com.eHo.testcases.eHO_TC_027@7f13d6e]" name="setUp" is-config="true" duration-ms="49" started-at="2018-05-03T12:49:48Z" finished-at="2018-05-03T12:49:48Z">
          <reporter-output>
          </reporter-output>
        </test-method> <!-- setUp -->
        <test-method status="PASS" signature="TC_027Test()[pri:0, instance:com.eHo.testcases.eHO_TC_027@7f13d6e]" name="TC_027Test" duration-ms="18983" started-at="2018-05-03T12:49:48Z" finished-at="2018-05-03T12:50:07Z">
          <reporter-output>
          </reporter-output>
        </test-method> <!-- TC_027Test -->
        <test-method status="PASS" signature="tearDown(org.testng.ITestResult)[pri:0, instance:com.eHo.testcases.eHO_TC_027@7f13d6e]" name="tearDown" is-config="true" duration-ms="752" started-at="2018-05-03T12:50:07Z" finished-at="2018-05-03T12:50:08Z">
          <params>
            <param index="0">
              <value>
                <![CDATA[[TestResult name=TC_027Test status=SUCCESS method=eHO_TC_027.TC_027Test()[pri:0, instance:com.eHo.testcases.eHO_TC_027@7f13d6e] output={null}]]]>
              </value>
            </param>
          </params>
          <reporter-output>
          </reporter-output>
        </test-method> <!-- tearDown -->
      </class> <!-- com.eHo.testcases.eHO_TC_027 -->
    </test> <!--  Test case TC 027 -->
    <test name=" Test case TC 028" duration-ms="42922" started-at="2018-05-03T16:50:08Z" finished-at="2018-05-03T16:50:51Z">
      <class name="com.eHo.testcases.eHO_TC_028">
        <test-method status="PASS" signature="setUp()[pri:0, instance:com.eHo.testcases.eHO_TC_028@10bbd20a]" name="setUp" is-config="true" duration-ms="56" started-at="2018-05-03T12:50:08Z" finished-at="2018-05-03T12:50:08Z">
          <reporter-output>
          </reporter-output>
        </test-method> <!-- setUp -->
        <test-method status="PASS" signature="TC_028Test()[pri:0, instance:com.eHo.testcases.eHO_TC_028@10bbd20a]" name="TC_028Test" duration-ms="42091" started-at="2018-05-03T12:50:08Z" finished-at="2018-05-03T12:50:50Z">
          <reporter-output>
          </reporter-output>
        </test-method> <!-- TC_028Test -->
        <test-method status="PASS" signature="tearDown(org.testng.ITestResult)[pri:0, instance:com.eHo.testcases.eHO_TC_028@10bbd20a]" name="tearDown" is-config="true" duration-ms="774" started-at="2018-05-03T12:50:50Z" finished-at="2018-05-03T12:50:51Z">
          <params>
            <param index="0">
              <value>
                <![CDATA[[TestResult name=TC_028Test status=SUCCESS method=eHO_TC_028.TC_028Test()[pri:0, instance:com.eHo.testcases.eHO_TC_028@10bbd20a] output={null}]]]>
              </value>
            </param>
          </params>
          <reporter-output>
          </reporter-output>
        </test-method> <!-- tearDown -->
      </class> <!-- com.eHo.testcases.eHO_TC_028 -->
    </test> <!--  Test case TC 028 -->
    <test name=" Test case TC 29" duration-ms="27148" started-at="2018-05-03T16:50:51Z" finished-at="2018-05-03T16:51:18Z">
      <class name="com.eHo.testcases.eHO_TC_029">
        <test-method status="PASS" signature="setUp()[pri:0, instance:com.eHo.testcases.eHO_TC_029@396f6598]" name="setUp" is-config="true" duration-ms="50" started-at="2018-05-03T12:50:51Z" finished-at="2018-05-03T12:50:51Z">
          <reporter-output>
          </reporter-output>
        </test-method> <!-- setUp -->
        <test-method status="PASS" signature="TC_028Test()[pri:0, instance:com.eHo.testcases.eHO_TC_029@396f6598]" name="TC_028Test" duration-ms="26256" started-at="2018-05-03T12:50:51Z" finished-at="2018-05-03T12:51:17Z">
          <reporter-output>
          </reporter-output>
        </test-method> <!-- TC_028Test -->
        <test-method status="PASS" signature="tearDown(org.testng.ITestResult)[pri:0, instance:com.eHo.testcases.eHO_TC_029@396f6598]" name="tearDown" is-config="true" duration-ms="840" started-at="2018-05-03T12:51:17Z" finished-at="2018-05-03T12:51:18Z">
          <params>
            <param index="0">
              <value>
                <![CDATA[[TestResult name=TC_028Test status=SUCCESS method=eHO_TC_029.TC_028Test()[pri:0, instance:com.eHo.testcases.eHO_TC_029@396f6598] output={null}]]]>
              </value>
            </param>
          </params>
          <reporter-output>
          </reporter-output>
        </test-method> <!-- tearDown -->
      </class> <!-- com.eHo.testcases.eHO_TC_029 -->
    </test> <!--  Test case TC 29 -->
  </suite> <!-- eHo Version 5.5 -->
</testng-results>
