<?xml version="1.0" encoding="UTF-8"?>
<testsuite xmlns:xsi="http://www.w3.org/2001/XMLSchema-instance" xsi:schemaLocation="https://maven.apache.org/surefire/maven-surefire-plugin/xsd/surefire-test-report.xsd" name="TestSuite" time="375.924" tests="17" errors="0" skipped="0" failures="1">
  <properties>
    <property name="java.runtime.name" value="Java(TM) SE Runtime Environment"/>
    <property name="sun.boot.library.path" value="C:\Program Files\Java\jdk1.8.0_131\jre\bin"/>
    <property name="java.vm.version" value="25.131-b11"/>
    <property name="java.vm.vendor" value="Oracle Corporation"/>
    <property name="maven.multiModuleProjectDirectory" value="D:\HIPAAT\CMTA 1C\GUI Automation\Hipaat_eHo"/>
    <property name="java.vendor.url" value="http://java.oracle.com/"/>
    <property name="path.separator" value=";"/>
    <property name="guice.disable.misplaced.annotation.check" value="true"/>
    <property name="java.vm.name" value="Java HotSpot(TM) 64-Bit Server VM"/>
    <property name="file.encoding.pkg" value="sun.io"/>
    <property name="user.script" value=""/>
    <property name="user.country" value="CA"/>
    <property name="sun.java.launcher" value="SUN_STANDARD"/>
    <property name="sun.os.patch.level" value="Service Pack 1"/>
    <property name="java.vm.specification.name" value="Java Virtual Machine Specification"/>
    <property name="user.dir" value="D:\HIPAAT\CMTA 1C\GUI Automation\Hipaat_eHo"/>
    <property name="java.runtime.version" value="1.8.0_131-b11"/>
    <property name="java.awt.graphicsenv" value="sun.awt.Win32GraphicsEnvironment"/>
    <property name="java.endorsed.dirs" value="C:\Program Files\Java\jdk1.8.0_131\jre\lib\endorsed"/>
    <property name="os.arch" value="amd64"/>
    <property name="java.io.tmpdir" value="C:\Users\OJAS\AppData\Local\Temp\"/>
    <property name="line.separator" value="&#10;"/>
    <property name="java.vm.specification.vendor" value="Oracle Corporation"/>
    <property name="user.variant" value=""/>
    <property name="os.name" value="Windows 7"/>
    <property name="classworlds.conf" value="C:\Users\OJAS\workspace\.metadata\.plugins\org.eclipse.m2e.launching\launches\m2conf4411703909686764796.tmp"/>
    <property name="sun.jnu.encoding" value="Cp1252"/>
    <property name="java.library.path" value="C:\Program Files\Java\jdk1.8.0_131\bin;C:\windows\Sun\Java\bin;C:\windows\system32;C:\windows;C:/Program Files/Java/jre1.8.0_161/bin/server;C:/Program Files/Java/jre1.8.0_161/bin;C:/Program Files/Java/jre1.8.0_161/lib/amd64;C:\windows\system32;C:\windows;C:\windows\system32\Wbem;C:\ProgramData\Oracle\Java\javapath;C:\oraclexe\app\oracle\product\11.2.0\server\bin;C:\windows\System32\WindowsPowerShell\v1.0\;C:\Program Files\Microsoft SQL Server\Client SDK\ODBC\110\Tools\Binn\;C:\Program Files (x86)\Microsoft SQL Server\120\Tools\Binn\ManagementStudio\;C:\Program Files (x86)\Microsoft SQL Server\120\Tools\Binn\;C:\Program Files\Microsoft SQL Server\120\Tools\Binn\;C:\Program Files (x86)\Microsoft SQL Server\120\DTS\Binn\;C:\Program Files\Microsoft SQL Server\120\DTS\Binn\;C:\Program Files (x86)\HP\Unified Functional Testing\bin;C:\Program Files (x86)\Skype\Phone\;C:\Program Files\Git\cmd;C:\Program Files\nodejs\;C:\Users\OJAS\AppData\Local\Android\sdk\emulator;C:\Users\OJAS\AppData\Local\Android\sdk\tools;C:\Users\OJAS\AppData\Local\Android\sdk\tools\bin;C:\Users\OJAS\AppData\Local\Android\sdk\platform-tools;C:\Program Files\nodejs;C:\Program Files\nodejs\node_modules\npm\bin;C:\Program Files\PuTTY\;C:\Program Files\apache-maven-3.5.0\bin;C:\Program Files\TortoiseSVN\bin;C:\Program Files\Docker Toolbox;C:\Users\OJAS\AppData\Roaming\npm;C:\Users\OJAS\AppData\Local\atom\bin;C:\eclipse-java-neon-R-win32-x86_64\eclipse;;."/>
    <property name="java.specification.name" value="Java Platform API Specification"/>
    <property name="java.class.version" value="52.0"/>
    <property name="sun.management.compiler" value="HotSpot 64-Bit Tiered Compilers"/>
    <property name="os.version" value="6.1"/>
    <property name="user.home" value="C:\Users\OJAS"/>
    <property name="user.timezone" value="America/New_York"/>
    <property name="java.awt.printerjob" value="sun.awt.windows.WPrinterJob"/>
    <property name="java.specification.version" value="1.8"/>
    <property name="file.encoding" value="Cp1252"/>
    <property name="user.name" value="OJAS"/>
    <property name="java.class.path" value="/C:/eclipse-java-neon-R-win32-x86_64/eclipse/plugins/org.eclipse.m2e.maven.runtime_1.7.0.20160603-1931/jars/plexus-classworlds-2.5.2.jar"/>
    <property name="java.vm.specification.version" value="1.8"/>
    <property name="sun.arch.data.model" value="64"/>
    <property name="java.home" value="C:\Program Files\Java\jdk1.8.0_131\jre"/>
    <property name="sun.java.command" value="org.codehaus.plexus.classworlds.launcher.Launcher -B test"/>
    <property name="java.specification.vendor" value="Oracle Corporation"/>
    <property name="user.language" value="en"/>
    <property name="awt.toolkit" value="sun.awt.windows.WToolkit"/>
    <property name="java.vm.info" value="mixed mode"/>
    <property name="java.version" value="1.8.0_131"/>
    <property name="java.ext.dirs" value="C:\Program Files\Java\jdk1.8.0_131\jre\lib\ext;C:\windows\Sun\Java\lib\ext"/>
    <property name="sun.boot.class.path" value="C:\Program Files\Java\jdk1.8.0_131\jre\lib\resources.jar;C:\Program Files\Java\jdk1.8.0_131\jre\lib\rt.jar;C:\Program Files\Java\jdk1.8.0_131\jre\lib\sunrsasign.jar;C:\Program Files\Java\jdk1.8.0_131\jre\lib\jsse.jar;C:\Program Files\Java\jdk1.8.0_131\jre\lib\jce.jar;C:\Program Files\Java\jdk1.8.0_131\jre\lib\charsets.jar;C:\Program Files\Java\jdk1.8.0_131\jre\lib\jfr.jar;C:\Program Files\Java\jdk1.8.0_131\jre\classes"/>
    <property name="java.vendor" value="Oracle Corporation"/>
    <property name="maven.home" value="D:\HIPAAT\CMTA 1C\GUI Automation\Hipaat_eHo\EMBEDDED"/>
    <property name="file.separator" value="\"/>
    <property name="java.vendor.url.bug" value="http://bugreport.sun.com/bugreport/"/>
    <property name="sun.cpu.endian" value="little"/>
    <property name="sun.io.unicode.encoding" value="UnicodeLittle"/>
    <property name="sun.desktop" value="windows"/>
    <property name="sun.cpu.isalist" value="amd64"/>
  </properties>
  <testcase name="TC_002Test" classname="com.eHo.testcases.eHO_TC_002" time="40.15"/>
  <testcase name="TC_005Test" classname="com.eHo.testcases.eHO_TC_005" time="23.773"/>
  <testcase name="TC_013Test" classname="com.eHo.testcases.eHO_TC_013" time="23.544"/>
  <testcase name="TC_015Test" classname="com.eHo.testcases.eHO_TC_015" time="27.614"/>
  <testcase name="TC_016Test" classname="com.eHo.testcases.eHO_TC_016" time="16.964"/>
  <testcase name="TC_018Test" classname="com.eHo.testcases.eHO_TC_018" time="16.866"/>
  <testcase name="TC_019Test" classname="com.eHo.testcases.eHO_TC_019" time="17.693"/>
  <testcase name="TC_020Test" classname="com.eHo.testcases.eHO_TC_020" time="21.967"/>
  <testcase name="TC_021Test" classname="com.eHo.testcases.eHO_TC_021" time="20.667"/>
  <testcase name="TC_022Test" classname="com.eHo.testcases.eHO_TC_022" time="20.219"/>
  <testcase name="TC_023Test" classname="com.eHo.testcases.eHO_TC_023" time="27.22"/>
  <testcase name="TC_024Test" classname="com.eHo.testcases.eHO_TC_024" time="20.531"/>
  <testcase name="TC_025Test" classname="com.eHo.testcases.eHO_TC_025" time="10.791"/>
  <testcase name="TC_026Test" classname="com.eHo.testcases.eHO_TC_026" time="23.104">
    <failure message="The following asserts failed:&#10;	expected [false] but found [true]" type="java.lang.AssertionError">java.lang.AssertionError: 
The following asserts failed:
	expected [false] but found [true]
	at com.eHo.testcases.eHO_TC_026.TC_026Test(eHO_TC_026.java:110)
</failure>
    <system-out><![CDATA[TC_025Test
 INFO [main] (BaseTest.java:64)- Initializing Mozilla browser
 INFO [main] (BaseTest.java:74)- Browser launched
 INFO [main] (BaseTest.java:81)- Navigating to URL ....appURL
2018-05-03
]]></system-out>
    <system-err><![CDATA[1525358807219	Marionette	INFO	New connections will no longer be accepted
Unable to read VR Path Registry from C:\Users\OJAS\AppData\Local\openvr\openvrpaths.vrpath
[Child 11000] WARNING: pipe error: 109: file z:/build/build/src/ipc/chromium/src/chrome/common/ipc_channel_win.cc, line 346
[Child 11000] WARNING: pipe error: 109: file z:/build/build/src/ipc/chromium/src/chrome/common/ipc_channel_win.cc, line 346
1525358807638	geckodriver	INFO	geckodriver 0.19.1 (0000000000000000000000000000000000000000 2017-10-31)
1525358807679	geckodriver	INFO	Listening on 127.0.0.1:29252
1525358808183	mozrunner::runner	INFO	Running command: "C:\\Program Files\\Mozilla Firefox\\firefox.exe" "-marionette" "-profile" "C:\\Users\\OJAS\\AppData\\Local\\Temp\\rust_mozprofile.yuJnCoLKGUhc"
1525358808778	addons.xpi	WARN	Error parsing extensions state: [Exception... "Component returned failure code: 0x80520012 (NS_ERROR_FILE_NOT_FOUND) [amIAddonManagerStartup.readStartupData]"  nsresult: "0x80520012 (NS_ERROR_FILE_NOT_FOUND)"  location: "JS frame :: resource://gre/modules/addons/XPIProvider.jsm :: loadExtensionState :: line 1554"  data: no] Stack trace: loadExtensionState()@resource://gre/modules/addons/XPIProvider.jsm:1554 < getInstallState()@resource://gre/modules/addons/XPIProvider.jsm:1589 < checkForChanges()@resource://gre/modules/addons/XPIProvider.jsm:3109 < startup()@resource://gre/modules/addons/XPIProvider.jsm:2188 < callProvider()@resource://gre/modules/AddonManager.jsm:269 < _startProvider()@resource://gre/modules/AddonManager.jsm:739 < startup()@resource://gre/modules/AddonManager.jsm:906 < startup()@resource://gre/modules/AddonManager.jsm:3090 < observe()@jar:file:///C:/Program%20Files/Mozilla%20Firefox/omni.ja!/components/addonManager.js:65
1525358809700	Marionette	INFO	Enabled via --marionette
Unable to read VR Path Registry from C:\Users\OJAS\AppData\Local\openvr\openvrpaths.vrpath
[Child 9408] WARNING: pipe error: 109: file z:/build/build/src/ipc/chromium/src/chrome/common/ipc_channel_win.cc, line 346
1525358812684	Marionette	INFO	Listening on port 3950
1525358812897	Marionette	WARN	TLS certificate errors will be ignored for this session
1525358812936	Marionette	DEBUG	Register listener.js for window 6442450945
May 03, 2018 10:46:52 AM org.openqa.selenium.remote.ProtocolHandshake createSession
INFO: Detected dialect: W3C
1525358813018	Marionette	DEBUG	Received DOM event "beforeunload" for "about:blank"
1525358813179	Marionette	DEBUG	Received DOM event "pagehide" for "about:blank"
1525358813179	Marionette	DEBUG	Received DOM event "unload" for "about:blank"
1525358813194	Marionette	DEBUG	Received DOM event "DOMContentLoaded" for "http://35.194.92.218:9080/DummyServer/login.html"
1525358813196	Marionette	DEBUG	Received DOM event "pageshow" for "http://35.194.92.218:9080/DummyServer/login.html"
1525358814250	Marionette	DEBUG	Received DOM event "beforeunload" for "http://35.194.92.218:9080/DummyServer/login.html"
1525358814398	Marionette	DEBUG	Received DOM event "pagehide" for "http://35.194.92.218:9080/DummyServer/login.html"
1525358814398	Marionette	DEBUG	Received DOM event "unload" for "http://35.194.92.218:9080/DummyServer/login.html"
1525358815564	Marionette	DEBUG	Received DOM event "pageshow" for "http://35.194.92.218:9080/esuite-admin/ssoLogin.jsf"
1525358815602	Marionette	DEBUG	Received DOM event "DOMContentLoaded" for "http://35.194.92.218:9080/esuite-admin/ssoLogin.jsf"
1525358816542	Marionette	DEBUG	Received DOM event "DOMContentLoaded" for "http://35.194.92.218:9080/esuite-admin/ssoLogin.jsf"
1525358816580	Marionette	DEBUG	Received DOM event "pageshow" for "http://35.194.92.218:9080/esuite-admin/ssoLogin.jsf"
1525358816793	Marionette	DEBUG	Received DOM event "beforeunload" for "http://35.194.92.218:9080/esuite-admin/ssoLogin.jsf"
1525358816873	Marionette	DEBUG	Received DOM event "pagehide" for "http://35.194.92.218:9080/esuite-admin/ssoLogin.jsf"
1525358816874	Marionette	DEBUG	Received DOM event "unload" for "http://35.194.92.218:9080/esuite-admin/ssoLogin.jsf"
1525358817122	Marionette	DEBUG	Received DOM event "DOMContentLoaded" for "http://35.194.92.218:9080/esuite-admin/main.jsf"
1525358817140	Marionette	DEBUG	Received DOM event "pageshow" for "http://35.194.92.218:9080/esuite-admin/main.jsf"
1525358817410	Marionette	DEBUG	Canceled page load listener because no navigation has been detected
1525358817502	Marionette	DEBUG	Received DOM event "beforeunload" for "http://35.194.92.218:9080/esuite-admin/main.jsf"
1525358817617	Marionette	DEBUG	Received DOM event "pagehide" for "http://35.194.92.218:9080/esuite-admin/main.jsf"
1525358817618	Marionette	DEBUG	Received DOM event "unload" for "http://35.194.92.218:9080/esuite-admin/main.jsf"
1525358818119	Marionette	DEBUG	Received DOM event "DOMContentLoaded" for "http://35.194.92.218:9080/esuite-admin/systemDirectiveList.jsf"
1525358818141	Marionette	DEBUG	Received DOM event "pageshow" for "http://35.194.92.218:9080/esuite-admin/systemDirectiveList.jsf"
1525358818659	Marionette	DEBUG	Canceled page load listener because no navigation has been detected
1525358818790	Marionette	DEBUG	Received DOM event "beforeunload" for "http://35.194.92.218:9080/esuite-admin/systemDirectiveList.jsf"
1525358819116	Marionette	DEBUG	Received DOM event "pagehide" for "http://35.194.92.218:9080/esuite-admin/systemDirectiveList.jsf"
1525358819116	Marionette	DEBUG	Received DOM event "unload" for "http://35.194.92.218:9080/esuite-admin/systemDirectiveList.jsf"
1525358819827	Marionette	DEBUG	Received DOM event "DOMContentLoaded" for "http://35.194.92.218:9080/esuite-admin/systemDirectiveDetail.jsf"
1525358819907	Marionette	DEBUG	Received DOM event "pageshow" for "http://35.194.92.218:9080/esuite-admin/systemDirectiveDetail.jsf"
1525358820036	Marionette	DEBUG	Received DOM event "beforeunload" for "http://35.194.92.218:9080/esuite-admin/systemDirectiveDetail.jsf"
1525358820333	Marionette	DEBUG	Received DOM event "pagehide" for "http://35.194.92.218:9080/esuite-admin/systemDirectiveDetail.jsf"
1525358820334	Marionette	DEBUG	Received DOM event "unload" for "http://35.194.92.218:9080/esuite-admin/systemDirectiveDetail.jsf"
1525358820624	Marionette	DEBUG	Received DOM event "DOMContentLoaded" for "http://35.194.92.218:9080/esuite-admin/systemDirectiveDetail.jsf"
1525358820645	Marionette	DEBUG	Received DOM event "pageshow" for "http://35.194.92.218:9080/esuite-admin/systemDirectiveDetail.jsf"
]]></system-err>
  </testcase>
  <testcase name="TC_027Test" classname="com.eHo.testcases.eHO_TC_027" time="12.551"/>
  <testcase name="TC_028Test" classname="com.eHo.testcases.eHO_TC_028" time="23.6"/>
  <testcase name="TC_028Test" classname="com.eHo.testcases.eHO_TC_029" time="17.127"/>
</testsuite>